Using pre-set license
Built from '2022.3/staging' branch; Version is '2022.3.23f1 (dbb3f7c5b5c6) revision 14398455'; Using compiler version '192829333'; Build Type 'Release'
OS: 'Windows 10  (10.0.19045) 64bit Enterprise' Language: 'en' Physical Memory: 32448 MB
BatchMode: 1, IsHumanControllingUs: 0, StartBugReporterOnCrash: 0, Is64bit: 1, IsPro: 1

COMMAND LINE ARGUMENTS:
D:\Unity 2022.3.23f1\Editor\Unity.exe
-adb2
-batchMode
-noUpm
-name
AssetImportWorker1
-projectPath
D:/Archive/5_Automatically_Car/Conti_AutonomousCar/Conti_AutonomousCar
-logFile
Logs/AssetImportWorker1.log
-srvPort
54186
Successfully changed project path to: D:/Archive/5_Automatically_Car/Conti_AutonomousCar/Conti_AutonomousCar
D:/Archive/5_Automatically_Car/Conti_AutonomousCar/Conti_AutonomousCar
[UnityMemory] Configuration Parameters - Can be set up in boot.config
    "memorysetup-bucket-allocator-granularity=16"
    "memorysetup-bucket-allocator-bucket-count=8"
    "memorysetup-bucket-allocator-block-size=33554432"
    "memorysetup-bucket-allocator-block-count=8"
    "memorysetup-main-allocator-block-size=16777216"
    "memorysetup-thread-allocator-block-size=16777216"
    "memorysetup-gfx-main-allocator-block-size=16777216"
    "memorysetup-gfx-thread-allocator-block-size=16777216"
    "memorysetup-cache-allocator-block-size=4194304"
    "memorysetup-typetree-allocator-block-size=2097152"
    "memorysetup-profiler-bucket-allocator-granularity=16"
    "memorysetup-profiler-bucket-allocator-bucket-count=8"
    "memorysetup-profiler-bucket-allocator-block-size=33554432"
    "memorysetup-profiler-bucket-allocator-block-count=8"
    "memorysetup-profiler-allocator-block-size=16777216"
    "memorysetup-profiler-editor-allocator-block-size=1048576"
    "memorysetup-temp-allocator-size-main=16777216"
    "memorysetup-job-temp-allocator-block-size=2097152"
    "memorysetup-job-temp-allocator-block-size-background=1048576"
    "memorysetup-job-temp-allocator-reduction-small-platforms=262144"
    "memorysetup-allocator-temp-initial-block-size-main=262144"
    "memorysetup-allocator-temp-initial-block-size-worker=262144"
    "memorysetup-temp-allocator-size-background-worker=32768"
    "memorysetup-temp-allocator-size-job-worker=262144"
    "memorysetup-temp-allocator-size-preload-manager=33554432"
    "memorysetup-temp-allocator-size-nav-mesh-worker=65536"
    "memorysetup-temp-allocator-size-audio-worker=65536"
    "memorysetup-temp-allocator-size-cloud-worker=32768"
    "memorysetup-temp-allocator-size-gi-baking-worker=262144"
    "memorysetup-temp-allocator-size-gfx=262144"
Player connection [24020] Host "[IP] 10.221.238.43 [Port] 0 [Flags] 2 [Guid] 2611410238 [EditorId] 2611410238 [Version] 1048832 [Id] WindowsEditor(7,IGL7195W) [Debug] 1 [PackageName] WindowsEditor [ProjectName] Editor" joined multi-casting on [225.0.0.222:54997]...

Player connection [24020] Host "[IP] 10.221.238.43 [Port] 0 [Flags] 2 [Guid] 2611410238 [EditorId] 2611410238 [Version] 1048832 [Id] WindowsEditor(7,IGL7195W) [Debug] 1 [PackageName] WindowsEditor [ProjectName] Editor" joined alternative multi-casting on [225.0.0.222:34997]...

[Physics::Module] Initialized MultithreadedJobDispatcher with 7 workers.
Refreshing native plugins compatible for Editor in 8.36 ms, found 3 plugins.
Preloading 0 native plugins for Editor in 0.00 ms.
Initialize engine version: 2022.3.23f1 (dbb3f7c5b5c6)
[Subsystems] Discovering subsystems at path D:/Unity 2022.3.23f1/Editor/Data/Resources/UnitySubsystems
[Subsystems] Discovering subsystems at path D:/Archive/5_Automatically_Car/Conti_AutonomousCar/Conti_AutonomousCar/Assets
GfxDevice: creating device client; threaded=0; jobified=0
Direct3D:
    Version:  Direct3D 11.0 [level 11.1]
    Renderer: NVIDIA T500 (ID=0x1fbb)
    Vendor:   NVIDIA
    VRAM:     3968 MB
    Driver:   27.21.14.5256
Initialize mono
Mono path[0] = 'D:/Unity 2022.3.23f1/Editor/Data/Managed'
Mono path[1] = 'D:/Unity 2022.3.23f1/Editor/Data/MonoBleedingEdge/lib/mono/unityjit-win32'
Mono config path = 'D:/Unity 2022.3.23f1/Editor/Data/MonoBleedingEdge/etc'
Using monoOptions --debugger-agent=transport=dt_socket,embedding=1,server=y,suspend=n,address=127.0.0.1:56156
Begin MonoManager ReloadAssembly
Registering precompiled unity dll's ...
Register platform support module: D:/Unity 2022.3.23f1/Editor/Data/PlaybackEngines/WindowsStandaloneSupport/UnityEditor.WindowsStandalone.Extensions.dll
Registered in 0.004048 seconds.
- Loaded All Assemblies, in  0.486 seconds
Native extension for WindowsStandalone target not found
Mono: successfully reloaded assembly
- Finished resetting the current domain, in  0.418 seconds
Domain Reload Profiling: 904ms
	BeginReloadAssembly (148ms)
		ExecutionOrderSort (0ms)
		DisableScriptedObjects (0ms)
		BackupInstance (0ms)
		ReleaseScriptingObjects (0ms)
		CreateAndSetChildDomain (1ms)
	RebuildCommonClasses (56ms)
	RebuildNativeTypeToScriptingClass (20ms)
	initialDomainReloadingComplete (68ms)
	LoadAllAssembliesAndSetupDomain (194ms)
		LoadAssemblies (147ms)
		RebuildTransferFunctionScriptingTraits (0ms)
		AnalyzeDomain (191ms)
			TypeCache.Refresh (189ms)
				TypeCache.ScanAssembly (175ms)
			ScanForSourceGeneratedMonoScriptInfo (0ms)
			ResolveRequiredComponents (1ms)
	FinalizeReload (419ms)
		ReleaseScriptCaches (0ms)
		RebuildScriptCaches (0ms)
		SetupLoadedEditorAssemblies (339ms)
			LogAssemblyErrors (0ms)
			InitializePlatformSupportModulesInManaged (10ms)
			SetLoadedEditorAssemblies (12ms)
			RefreshPlugins (0ms)
			BeforeProcessingInitializeOnLoad (4ms)
			ProcessInitializeOnLoadAttributes (253ms)
			ProcessInitializeOnLoadMethodAttributes (59ms)
			AfterProcessingInitializeOnLoad (0ms)
			EditorAssembliesLoaded (0ms)
		ExecutionOrderSort2 (0ms)
		AwakeInstancesAfterBackupRestoration (0ms)
========================================================================
Worker process is ready to serve import requests
Begin MonoManager ReloadAssembly
- Loaded All Assemblies, in  0.805 seconds
Refreshing native plugins compatible for Editor in 4.37 ms, found 3 plugins.
Native extension for WindowsStandalone target not found
Package Manager log level set to [2]
[Package Manager] Server::EnsureServerProcessIsRunning -- launch failed, reason: Unity was launched with the -noUpm command-line argument
[Package Manager] UpmClient::Send -- Unable to send message (not connected to UPM process).
[Package Manager] Cannot connect to Unity Package Manager local server
Mono: successfully reloaded assembly
- Finished resetting the current domain, in  0.862 seconds
Domain Reload Profiling: 1669ms
	BeginReloadAssembly (182ms)
		ExecutionOrderSort (0ms)
		DisableScriptedObjects (7ms)
		BackupInstance (0ms)
		ReleaseScriptingObjects (0ms)
		CreateAndSetChildDomain (26ms)
	RebuildCommonClasses (60ms)
	RebuildNativeTypeToScriptingClass (25ms)
	initialDomainReloadingComplete (56ms)
	LoadAllAssembliesAndSetupDomain (481ms)
		LoadAssemblies (345ms)
		RebuildTransferFunctionScriptingTraits (0ms)
		AnalyzeDomain (241ms)
			TypeCache.Refresh (215ms)
				TypeCache.ScanAssembly (198ms)
			ScanForSourceGeneratedMonoScriptInfo (19ms)
			ResolveRequiredComponents (6ms)
	FinalizeReload (864ms)
		ReleaseScriptCaches (0ms)
		RebuildScriptCaches (0ms)
		SetupLoadedEditorAssemblies (644ms)
			LogAssemblyErrors (0ms)
			InitializePlatformSupportModulesInManaged (5ms)
			SetLoadedEditorAssemblies (5ms)
			RefreshPlugins (0ms)
			BeforeProcessingInitializeOnLoad (110ms)
			ProcessInitializeOnLoadAttributes (497ms)
			ProcessInitializeOnLoadMethodAttributes (25ms)
			AfterProcessingInitializeOnLoad (2ms)
			EditorAssembliesLoaded (0ms)
		ExecutionOrderSort2 (0ms)
		AwakeInstancesAfterBackupRestoration (14ms)
Launched and connected shader compiler UnityShaderCompiler.exe after 0.10 seconds
Refreshing native plugins compatible for Editor in 3.23 ms, found 3 plugins.
Preloading 0 native plugins for Editor in 0.00 ms.
Unloading 3094 Unused Serialized files (Serialized files now loaded: 0)
Unloading 33 unused Assets / (164.6 KB). Loaded Objects now: 3554.
Memory consumption went from 121.4 MB to 121.2 MB.
Total: 2.729400 ms (FindLiveObjects: 0.351600 ms CreateObjectMapping: 0.087100 ms MarkObjects: 2.128900 ms  DeleteObjects: 0.160400 ms)

AssetImportParameters requested are different than current active one (requested -> active):
  custom:container-demuxer-ogg: 62fdf1f143b41e24485cea50d1cbac27 -> 
  custom:video-decoder-ogg-theora: a1e56fd34408186e4bbccfd4996cb3dc -> 
  custom:framework-win-MediaFoundation: 216162199b28c13a410421893ffa2e32 -> 
  custom:CustomObjectIndexerAttribute: 9a22284fe3817be447336de3de66b15e -> 
  custom:container-demuxer-webm: 4f35f7cbe854078d1ac9338744f61a02 -> 
  custom:container-muxer-webm: aa71ff27fc2769a1b78a27578f13a17b -> 
  custom:video-decoder-webm-vp8: 9c59270c3fd7afecdb556c50c9e8de78 -> 
  custom:SearchIndexIgnoredProperties: e643bd26f0fe6173181afceb89e7c659 -> 
  custom:AudioImporter_EditorPlatform: d09bf68614088b80899f8185d706f6e7 -> 
  custom:video-encoder-webm-vp8: eb34c28f22e8b96e1ab97ce403110664 -> 
  custom:audio-decoder-ogg-vorbis: bf7c407c2cedff20999df2af8eb42d56 -> 
  custom:audio-encoder-webm-vorbis: bf7c407c2cedff20999df2af8eb42d56 -> 
========================================================================
Received Import Request.
  Time since last request: 5703.711448 seconds.
  path: Assets/IntelligentVehicle/Models
  artifactKey: Guid(cdea143cb729d97498e277e144cb947b) Importer(815301076,1909f56bfc062723c751e8b465ee728b)
Start importing Assets/IntelligentVehicle/Models using Guid(cdea143cb729d97498e277e144cb947b) Importer(815301076,1909f56bfc062723c751e8b465ee728b)  -> (artifact id: '8afa2b0a56d12dc2a7b1cb495a4d70c6') in 0.002854 seconds
Number of updated asset objects reloaded before import = 0
Number of asset objects unloaded after import = 0
========================================================================
Received Import Request.
  Time since last request: 0.000024 seconds.
  path: Assets/IntelligentVehicle
  artifactKey: Guid(6ce427540e38eaa41876715635db3d08) Importer(815301076,1909f56bfc062723c751e8b465ee728b)
Start importing Assets/IntelligentVehicle using Guid(6ce427540e38eaa41876715635db3d08) Importer(815301076,1909f56bfc062723c751e8b465ee728b)  -> (artifact id: '2823d52ef25f48166f19bda2407f99ca') in 0.000383 seconds
Number of updated asset objects reloaded before import = 0
Number of asset objects unloaded after import = 0
========================================================================
Received Import Request.
  Time since last request: 7.196166 seconds.
  path: Assets/IntelligentVehicle/Models/ACD_Materials/ADC_Aluminum.mat
  artifactKey: Guid(8b8b110af6857c54d9a593a92d2f8893) Importer(815301076,1909f56bfc062723c751e8b465ee728b)
Start importing Assets/IntelligentVehicle/Models/ACD_Materials/ADC_Aluminum.mat using Guid(8b8b110af6857c54d9a593a92d2f8893) Importer(815301076,1909f56bfc062723c751e8b465ee728b)  -> (artifact id: '0883570f918ff0de7e720e81352544ab') in 0.131943 seconds
Number of updated asset objects reloaded before import = 0
Number of asset objects unloaded after import = 2
========================================================================
Received Import Request.
  Time since last request: 0.000036 seconds.
  path: Assets/IntelligentVehicle/Models/ACD_Materials/ADC_LeatherLargeGrain_Black.mat
  artifactKey: Guid(942dbe87431f9a444a47aa91f8ee1714) Importer(815301076,1909f56bfc062723c751e8b465ee728b)
Start importing Assets/IntelligentVehicle/Models/ACD_Materials/ADC_LeatherLargeGrain_Black.mat using Guid(942dbe87431f9a444a47aa91f8ee1714) Importer(815301076,1909f56bfc062723c751e8b465ee728b)  -> (artifact id: 'bbee67f4ddf944359e6e9157919def12') in 0.015572 seconds
Number of updated asset objects reloaded before import = 0
Number of asset objects unloaded after import = 4
========================================================================
Received Import Request.
  Time since last request: 0.000024 seconds.
  path: Assets/IntelligentVehicle/Models/ACD_Materials/ADC_ChromeDirtSatin.mat
  artifactKey: Guid(c634a688bdf4df34db9ee1b16680e1e6) Importer(815301076,1909f56bfc062723c751e8b465ee728b)
Start importing Assets/IntelligentVehicle/Models/ACD_Materials/ADC_ChromeDirtSatin.mat using Guid(c634a688bdf4df34db9ee1b16680e1e6) Importer(815301076,1909f56bfc062723c751e8b465ee728b)  -> (artifact id: 'bd0cf42ddb30873d8a4f15bd9db55633') in 0.008850 seconds
Number of updated asset objects reloaded before import = 0
Number of asset objects unloaded after import = 2
========================================================================
Received Import Request.
  Time since last request: 0.000015 seconds.
  path: Assets/IntelligentVehicle/Models/ACD_Materials/ADC_LeatherBigGrain_White.mat
  artifactKey: Guid(e857f669999a5ab4ea252c2af3203332) Importer(815301076,1909f56bfc062723c751e8b465ee728b)
Start importing Assets/IntelligentVehicle/Models/ACD_Materials/ADC_LeatherBigGrain_White.mat using Guid(e857f669999a5ab4ea252c2af3203332) Importer(815301076,1909f56bfc062723c751e8b465ee728b)  -> (artifact id: '87bac2ea54aa03f8e978db5174f3db7e') in 0.009414 seconds
Number of updated asset objects reloaded before import = 0
Number of asset objects unloaded after import = 4
========================================================================
Received Import Request.
  Time since last request: 0.000020 seconds.
  path: Assets/IntelligentVehicle/Models/ACD_Materials/ADC_LeatherLargeGrain_White.mat
  artifactKey: Guid(c154ba62d7ad0a14eada9a2896dae84c) Importer(815301076,1909f56bfc062723c751e8b465ee728b)
Start importing Assets/IntelligentVehicle/Models/ACD_Materials/ADC_LeatherLargeGrain_White.mat using Guid(c154ba62d7ad0a14eada9a2896dae84c) Importer(815301076,1909f56bfc062723c751e8b465ee728b)  -> (artifact id: '78b7ee5010acf001d95649257b15094e') in 0.009487 seconds
Number of updated asset objects reloaded before import = 0
Number of asset objects unloaded after import = 4
========================================================================
Received Import Request.
  Time since last request: 0.000013 seconds.
  path: Assets/IntelligentVehicle/Models/ACD_Materials/ADC_PlasticBlue.mat
  artifactKey: Guid(5d456629b09fec245994ce7f06503b65) Importer(815301076,1909f56bfc062723c751e8b465ee728b)
Start importing Assets/IntelligentVehicle/Models/ACD_Materials/ADC_PlasticBlue.mat using Guid(5d456629b09fec245994ce7f06503b65) Importer(815301076,1909f56bfc062723c751e8b465ee728b)  -> (artifact id: 'ef1a159fbf297492be91db8c6df031fd') in 0.006845 seconds
Number of updated asset objects reloaded before import = 0
Number of asset objects unloaded after import = 1
========================================================================
Received Import Request.
  Time since last request: 0.000019 seconds.
  path: Assets/IntelligentVehicle/Models/ACD_Materials/ADC_LedsRed.mat
  artifactKey: Guid(bc564dc56d36f2f4d80caaa13722df6f) Importer(815301076,1909f56bfc062723c751e8b465ee728b)
Start importing Assets/IntelligentVehicle/Models/ACD_Materials/ADC_LedsRed.mat using Guid(bc564dc56d36f2f4d80caaa13722df6f) Importer(815301076,1909f56bfc062723c751e8b465ee728b)  -> (artifact id: 'e104a73d48ef2433df437a53ddd51e6a') in 0.007990 seconds
Number of updated asset objects reloaded before import = 0
Number of asset objects unloaded after import = 1
========================================================================
Received Import Request.
  Time since last request: 0.000015 seconds.
  path: Assets/IntelligentVehicle/Models/ACD_Materials/ADC_AluminumBrushedDark.mat
  artifactKey: Guid(5dd0e05d10c1e8f42aa392f82d5fa4a6) Importer(815301076,1909f56bfc062723c751e8b465ee728b)
Start importing Assets/IntelligentVehicle/Models/ACD_Materials/ADC_AluminumBrushedDark.mat using Guid(5dd0e05d10c1e8f42aa392f82d5fa4a6) Importer(815301076,1909f56bfc062723c751e8b465ee728b)  -> (artifact id: '5c974e90967666833cee9f1a172a2c34') in 0.007613 seconds
Number of updated asset objects reloaded before import = 0
Number of asset objects unloaded after import = 2
========================================================================
Received Import Request.
  Time since last request: 0.000017 seconds.
  path: Assets/IntelligentVehicle/Models/ACD_Materials/ADC_CarPaint_Brown.mat
  artifactKey: Guid(9b9137d060de05a43aa4642d7f2cf770) Importer(815301076,1909f56bfc062723c751e8b465ee728b)
Start importing Assets/IntelligentVehicle/Models/ACD_Materials/ADC_CarPaint_Brown.mat using Guid(9b9137d060de05a43aa4642d7f2cf770) Importer(815301076,1909f56bfc062723c751e8b465ee728b)  -> (artifact id: '55648b7eb72089bea2ed5cf0824a70da') in 0.014933 seconds
Number of updated asset objects reloaded before import = 0
Number of asset objects unloaded after import = 5
========================================================================
Received Import Request.
  Time since last request: 0.000015 seconds.
  path: Assets/IntelligentVehicle/Models/ACD_Materials/ADC_CarPaint_Pearl.mat
  artifactKey: Guid(a59b4ffbc64297644a809db71a6dd8cc) Importer(815301076,1909f56bfc062723c751e8b465ee728b)
Start importing Assets/IntelligentVehicle/Models/ACD_Materials/ADC_CarPaint_Pearl.mat using Guid(a59b4ffbc64297644a809db71a6dd8cc) Importer(815301076,1909f56bfc062723c751e8b465ee728b)  -> (artifact id: 'a633e50d40749daf2eee992c0d03ea03') in 0.013126 seconds
Number of updated asset objects reloaded before import = 0
Number of asset objects unloaded after import = 5
========================================================================
Received Import Request.
  Time since last request: 0.000058 seconds.
  path: Assets/IntelligentVehicle/Models/ACD_Materials/ADC_PlasticNormal.mat
  artifactKey: Guid(b1445fd2e1d48b64ca5bd23d748ba237) Importer(815301076,1909f56bfc062723c751e8b465ee728b)
Start importing Assets/IntelligentVehicle/Models/ACD_Materials/ADC_PlasticNormal.mat using Guid(b1445fd2e1d48b64ca5bd23d748ba237) Importer(815301076,1909f56bfc062723c751e8b465ee728b)  -> (artifact id: '0dd03c22443e3f23ba193095a739e78a') in 0.009534 seconds
Number of updated asset objects reloaded before import = 0
Number of asset objects unloaded after import = 3
========================================================================
Received Import Request.
  Time since last request: 0.000016 seconds.
  path: Assets/IntelligentVehicle/Models/ACD_Materials/ADC_Grid.mat
  artifactKey: Guid(6d4b67c62b699b5488a5fa687258f37f) Importer(815301076,1909f56bfc062723c751e8b465ee728b)
Start importing Assets/IntelligentVehicle/Models/ACD_Materials/ADC_Grid.mat using Guid(6d4b67c62b699b5488a5fa687258f37f) Importer(815301076,1909f56bfc062723c751e8b465ee728b)  -> (artifact id: '9080180dd7a55553b2d0c14a36aa7c88') in 0.009452 seconds
Number of updated asset objects reloaded before import = 0
Number of asset objects unloaded after import = 3
========================================================================
Received Import Request.
  Time since last request: 0.000021 seconds.
  path: Assets/IntelligentVehicle/Models/ACD_Materials/ADC_Display.mat
  artifactKey: Guid(aad65d0d4bddc98468bb7a740093830a) Importer(815301076,1909f56bfc062723c751e8b465ee728b)
Start importing Assets/IntelligentVehicle/Models/ACD_Materials/ADC_Display.mat using Guid(aad65d0d4bddc98468bb7a740093830a) Importer(815301076,1909f56bfc062723c751e8b465ee728b)  -> (artifact id: 'd7d3b8f4f90b8445c2ca1ecfea3a9b89') in 0.007560 seconds
Number of updated asset objects reloaded before import = 0
Number of asset objects unloaded after import = 1
========================================================================
Received Import Request.
  Time since last request: 0.000016 seconds.
  path: Assets/IntelligentVehicle/Models/ACD_Materials/ADC_Seite.mat
  artifactKey: Guid(4a3a91ecc53439a42be07754439d2597) Importer(815301076,1909f56bfc062723c751e8b465ee728b)
Start importing Assets/IntelligentVehicle/Models/ACD_Materials/ADC_Seite.mat using Guid(4a3a91ecc53439a42be07754439d2597) Importer(815301076,1909f56bfc062723c751e8b465ee728b)  -> (artifact id: '9513494bfc58f9e82ddd1436be4cb40b') in 0.007965 seconds
Number of updated asset objects reloaded before import = 0
Number of asset objects unloaded after import = 3
========================================================================
Received Import Request.
  Time since last request: 0.000014 seconds.
  path: Assets/IntelligentVehicle/Models/ACD_Materials/ADC_PlasticTransparent.mat
  artifactKey: Guid(aa7bae5d865df684f85fb5c07026a33f) Importer(815301076,1909f56bfc062723c751e8b465ee728b)
Start importing Assets/IntelligentVehicle/Models/ACD_Materials/ADC_PlasticTransparent.mat using Guid(aa7bae5d865df684f85fb5c07026a33f) Importer(815301076,1909f56bfc062723c751e8b465ee728b)  -> (artifact id: '91c9f450331585a8e39ad3f5e72ee336') in 0.006383 seconds
Number of updated asset objects reloaded before import = 0
Number of asset objects unloaded after import = 1
========================================================================
Received Import Request.
  Time since last request: 0.000017 seconds.
  path: Assets/IntelligentVehicle/Models/ACD_Materials/ADC_FabricCoarseWeave_Black.mat
  artifactKey: Guid(b982a6e6fb083fa4ca5d29db4226ff86) Importer(815301076,1909f56bfc062723c751e8b465ee728b)
Start importing Assets/IntelligentVehicle/Models/ACD_Materials/ADC_FabricCoarseWeave_Black.mat using Guid(b982a6e6fb083fa4ca5d29db4226ff86) Importer(815301076,1909f56bfc062723c751e8b465ee728b)  -> (artifact id: 'c00211daae4f6800521ab6724b4ea7c9') in 0.008356 seconds
Number of updated asset objects reloaded before import = 0
Number of asset objects unloaded after import = 4
========================================================================
Received Import Request.
  Time since last request: 0.000017 seconds.
  path: Assets/IntelligentVehicle/Models/ACD_Materials/ADC_ChromeSatin.mat
  artifactKey: Guid(99641a010d2fd694ea3b29dff330ce6a) Importer(815301076,1909f56bfc062723c751e8b465ee728b)
Start importing Assets/IntelligentVehicle/Models/ACD_Materials/ADC_ChromeSatin.mat using Guid(99641a010d2fd694ea3b29dff330ce6a) Importer(815301076,1909f56bfc062723c751e8b465ee728b)  -> (artifact id: '3fc53c1cc216e4ea2d9ac9b709b6a06d') in 0.006780 seconds
Number of updated asset objects reloaded before import = 0
Number of asset objects unloaded after import = 1
========================================================================
Received Import Request.
  Time since last request: 0.000017 seconds.
  path: Assets/IntelligentVehicle/Models/ACD_Materials/ADC_AluminumScratched.mat
  artifactKey: Guid(eeafa46e0698e1c4192a3d3ee899f619) Importer(815301076,1909f56bfc062723c751e8b465ee728b)
Start importing Assets/IntelligentVehicle/Models/ACD_Materials/ADC_AluminumScratched.mat using Guid(eeafa46e0698e1c4192a3d3ee899f619) Importer(815301076,1909f56bfc062723c751e8b465ee728b)  -> (artifact id: '94fcf337f001d17aab6c5c614c2e5394') in 0.007577 seconds
Number of updated asset objects reloaded before import = 0
Number of asset objects unloaded after import = 2
========================================================================
Received Import Request.
  Time since last request: 0.000015 seconds.
  path: Assets/IntelligentVehicle/Models/ACD_Materials/ADC_FabricTwillFlecked_Black.mat
  artifactKey: Guid(ba885ebc976482541a4a41a6a640a2cf) Importer(815301076,1909f56bfc062723c751e8b465ee728b)
Start importing Assets/IntelligentVehicle/Models/ACD_Materials/ADC_FabricTwillFlecked_Black.mat using Guid(ba885ebc976482541a4a41a6a640a2cf) Importer(815301076,1909f56bfc062723c751e8b465ee728b)  -> (artifact id: '0bb8203858c91d2c5290a33763f99c16') in 0.011546 seconds
Number of updated asset objects reloaded before import = 0
Number of asset objects unloaded after import = 4
========================================================================
Received Import Request.
  Time since last request: 0.000022 seconds.
  path: Assets/IntelligentVehicle/Models/ACD_Materials/ADC_CarPaint_Black.mat
  artifactKey: Guid(f4698d8b38de0a24197e26fd25592315) Importer(815301076,1909f56bfc062723c751e8b465ee728b)
Start importing Assets/IntelligentVehicle/Models/ACD_Materials/ADC_CarPaint_Black.mat using Guid(f4698d8b38de0a24197e26fd25592315) Importer(815301076,1909f56bfc062723c751e8b465ee728b)  -> (artifact id: '7242ec9e43e0adc00d59b9ce6a0d3bdf') in 0.012186 seconds
Number of updated asset objects reloaded before import = 0
Number of asset objects unloaded after import = 4
========================================================================
Received Import Request.
  Time since last request: 0.000019 seconds.
  path: Assets/IntelligentVehicle/Models/ACD_Materials/ADC_GlasBlack.mat
  artifactKey: Guid(aa28b56d576fc19499c153f3f47d498e) Importer(815301076,1909f56bfc062723c751e8b465ee728b)
Start importing Assets/IntelligentVehicle/Models/ACD_Materials/ADC_GlasBlack.mat using Guid(aa28b56d576fc19499c153f3f47d498e) Importer(815301076,1909f56bfc062723c751e8b465ee728b)  -> (artifact id: '181ec2ed3763788f4a3913c98e264d03') in 0.007990 seconds
Number of updated asset objects reloaded before import = 0
Number of asset objects unloaded after import = 1
========================================================================
Received Import Request.
  Time since last request: 0.000021 seconds.
  path: Assets/IntelligentVehicle/Models/ACD_Materials/ADC_CarPaint_BlackDisplay.mat
  artifactKey: Guid(9c74b8dbd82550e44806d55b9fdbe5c4) Importer(815301076,1909f56bfc062723c751e8b465ee728b)
Start importing Assets/IntelligentVehicle/Models/ACD_Materials/ADC_CarPaint_BlackDisplay.mat using Guid(9c74b8dbd82550e44806d55b9fdbe5c4) Importer(815301076,1909f56bfc062723c751e8b465ee728b)  -> (artifact id: '8071a880a0f30dd2f24046f2df91a68a') in 0.011539 seconds
Number of updated asset objects reloaded before import = 0
Number of asset objects unloaded after import = 4
========================================================================
Received Import Request.
  Time since last request: 0.000019 seconds.
  path: Assets/IntelligentVehicle/Models/ACD_Materials/ADC_Background.mat
  artifactKey: Guid(2408e89ab2e1946449019831268cbde0) Importer(815301076,1909f56bfc062723c751e8b465ee728b)
Start importing Assets/IntelligentVehicle/Models/ACD_Materials/ADC_Background.mat using Guid(2408e89ab2e1946449019831268cbde0) Importer(815301076,1909f56bfc062723c751e8b465ee728b)  -> (artifact id: 'c351ffbba1a9af5d686d02206d3c29a7') in 0.006786 seconds
Number of updated asset objects reloaded before import = 0
Number of asset objects unloaded after import = 1
========================================================================
Received Import Request.
  Time since last request: 0.000020 seconds.
  path: Assets/IntelligentVehicle/Models/ACD_Materials/ADC_FabricBrushed_White.mat
  artifactKey: Guid(af1474416275325488cb423e0160ab50) Importer(815301076,1909f56bfc062723c751e8b465ee728b)
Start importing Assets/IntelligentVehicle/Models/ACD_Materials/ADC_FabricBrushed_White.mat using Guid(af1474416275325488cb423e0160ab50) Importer(815301076,1909f56bfc062723c751e8b465ee728b)  -> (artifact id: '015aaf23e5e4605630c6303c137e8b48') in 0.009966 seconds
Number of updated asset objects reloaded before import = 0
Number of asset objects unloaded after import = 4
========================================================================
Received Import Request.
  Time since last request: 0.000021 seconds.
  path: Assets/IntelligentVehicle/Models/ACD_Materials/ADC_CarPaint_DarkGrey.mat
  artifactKey: Guid(7a4fa3250c7e7c7409643aa4e81a02c5) Importer(815301076,1909f56bfc062723c751e8b465ee728b)
Start importing Assets/IntelligentVehicle/Models/ACD_Materials/ADC_CarPaint_DarkGrey.mat using Guid(7a4fa3250c7e7c7409643aa4e81a02c5) Importer(815301076,1909f56bfc062723c751e8b465ee728b)  -> (artifact id: 'de73c9a5db9560825db28450ff31deb4') in 0.010200 seconds
Number of updated asset objects reloaded before import = 0
Number of asset objects unloaded after import = 4
========================================================================
Received Import Request.
  Time since last request: 0.000020 seconds.
  path: Assets/IntelligentVehicle/Models/ACD_Materials/ADC_Blue.mat
  artifactKey: Guid(6111a3a94cfa8fe4896bd730d45c24ab) Importer(815301076,1909f56bfc062723c751e8b465ee728b)
Start importing Assets/IntelligentVehicle/Models/ACD_Materials/ADC_Blue.mat using Guid(6111a3a94cfa8fe4896bd730d45c24ab) Importer(815301076,1909f56bfc062723c751e8b465ee728b)  -> (artifact id: '8267221d2429105f0cffa2f993addd28') in 0.007957 seconds
Number of updated asset objects reloaded before import = 0
Number of asset objects unloaded after import = 1
========================================================================
Received Import Request.
  Time since last request: 0.000024 seconds.
  path: Assets/IntelligentVehicle/Models/ACD_Materials/ADC_Glass.mat
  artifactKey: Guid(158b96c0496c18544b9a44cb7c23c7fa) Importer(815301076,1909f56bfc062723c751e8b465ee728b)
Start importing Assets/IntelligentVehicle/Models/ACD_Materials/ADC_Glass.mat using Guid(158b96c0496c18544b9a44cb7c23c7fa) Importer(815301076,1909f56bfc062723c751e8b465ee728b)  -> (artifact id: '90ce18498a585813ff5045ff91484e26') in 0.008375 seconds
Number of updated asset objects reloaded before import = 0
Number of asset objects unloaded after import = 2
========================================================================
Received Import Request.
  Time since last request: 0.000019 seconds.
  path: Assets/IntelligentVehicle/Models/ACD_Materials/ADC_AluminumScratchedDark.mat
  artifactKey: Guid(620063bd75ef6024b8565655c7f5bc1f) Importer(815301076,1909f56bfc062723c751e8b465ee728b)
Start importing Assets/IntelligentVehicle/Models/ACD_Materials/ADC_AluminumScratchedDark.mat using Guid(620063bd75ef6024b8565655c7f5bc1f) Importer(815301076,1909f56bfc062723c751e8b465ee728b)  -> (artifact id: 'ce424bffa529ceec078ba7e0728dfbb5') in 0.008214 seconds
Number of updated asset objects reloaded before import = 0
Number of asset objects unloaded after import = 2
========================================================================
Received Import Request.
  Time since last request: 0.000016 seconds.
  path: Assets/IntelligentVehicle/Models/ACD_Materials/ADC_Lauffläche.mat
  artifactKey: Guid(8ebd184d22841f540b05fb10437f3aef) Importer(815301076,1909f56bfc062723c751e8b465ee728b)
Start importing Assets/IntelligentVehicle/Models/ACD_Materials/ADC_Lauffläche.mat using Guid(8ebd184d22841f540b05fb10437f3aef) Importer(815301076,1909f56bfc062723c751e8b465ee728b)  -> (artifact id: '2cb958891baec5033b3c023afa6f3482') in 0.008483 seconds
Number of updated asset objects reloaded before import = 0
Number of asset objects unloaded after import = 3
========================================================================
Received Import Request.
  Time since last request: 0.000016 seconds.
  path: Assets/IntelligentVehicle/Models/ACD_Materials/ADC_DarkGrey.mat
  artifactKey: Guid(7919f889c5b0d754781d758c902e5c99) Importer(815301076,1909f56bfc062723c751e8b465ee728b)
Start importing Assets/IntelligentVehicle/Models/ACD_Materials/ADC_DarkGrey.mat using Guid(7919f889c5b0d754781d758c902e5c99) Importer(815301076,1909f56bfc062723c751e8b465ee728b)  -> (artifact id: '6fa1c005aec5af8b1650680182064c40') in 0.006889 seconds
Number of updated asset objects reloaded before import = 0
Number of asset objects unloaded after import = 1
========================================================================
Received Import Request.
  Time since last request: 0.000015 seconds.
  path: Assets/IntelligentVehicle/Models/ACD_Materials/ADC_Nummernschild_Conti.mat
  artifactKey: Guid(8c205cab9fb828946a666cad53de1ead) Importer(815301076,1909f56bfc062723c751e8b465ee728b)
Start importing Assets/IntelligentVehicle/Models/ACD_Materials/ADC_Nummernschild_Conti.mat using Guid(8c205cab9fb828946a666cad53de1ead) Importer(815301076,1909f56bfc062723c751e8b465ee728b)  -> (artifact id: 'dd0073ed4e82b4474b2ec6d97cf11aca') in 0.007703 seconds
Number of updated asset objects reloaded before import = 0
Number of asset objects unloaded after import = 2
========================================================================
Received Import Request.
  Time since last request: 0.000022 seconds.
  path: Assets/IntelligentVehicle/Models/ACD_Materials/ADC_LedsWhite.mat
  artifactKey: Guid(89149a077ec114146b949c96fc359343) Importer(815301076,1909f56bfc062723c751e8b465ee728b)
Start importing Assets/IntelligentVehicle/Models/ACD_Materials/ADC_LedsWhite.mat using Guid(89149a077ec114146b949c96fc359343) Importer(815301076,1909f56bfc062723c751e8b465ee728b)  -> (artifact id: 'f81ebcebb9e409bd42df402691ace4ab') in 0.006677 seconds
Number of updated asset objects reloaded before import = 0
Number of asset objects unloaded after import = 1
========================================================================
Received Import Request.
  Time since last request: 0.000019 seconds.
  path: Assets/IntelligentVehicle/Models/ACD_Materials/ADC_PlasticNormalWhite.mat
  artifactKey: Guid(b16b30504597db14089faafe97edd795) Importer(815301076,1909f56bfc062723c751e8b465ee728b)
Start importing Assets/IntelligentVehicle/Models/ACD_Materials/ADC_PlasticNormalWhite.mat using Guid(b16b30504597db14089faafe97edd795) Importer(815301076,1909f56bfc062723c751e8b465ee728b)  -> (artifact id: '411ddbe5c3dd09bab5d72f9a606ecb89') in 0.009028 seconds
Number of updated asset objects reloaded before import = 0
Number of asset objects unloaded after import = 3
========================================================================
Received Import Request.
  Time since last request: 0.000016 seconds.
  path: Assets/IntelligentVehicle/Models/ACD_Materials/ADC_GlassTinted.mat
  artifactKey: Guid(b6b84f22d0ec59a40b79ffee75b03dc3) Importer(815301076,1909f56bfc062723c751e8b465ee728b)
Start importing Assets/IntelligentVehicle/Models/ACD_Materials/ADC_GlassTinted.mat using Guid(b6b84f22d0ec59a40b79ffee75b03dc3) Importer(815301076,1909f56bfc062723c751e8b465ee728b)  -> (artifact id: '677d4fdc4d14e0228679ea979f2920fa') in 0.007578 seconds
Number of updated asset objects reloaded before import = 0
Number of asset objects unloaded after import = 2
========================================================================
Received Import Request.
  Time since last request: 0.000015 seconds.
  path: Assets/IntelligentVehicle/Models/ACD_Materials/ADC_QuiltedMaple_Natural.mat
  artifactKey: Guid(dfeb4e0ee6dc90e4c8a7cd922617b28a) Importer(815301076,1909f56bfc062723c751e8b465ee728b)
Start importing Assets/IntelligentVehicle/Models/ACD_Materials/ADC_QuiltedMaple_Natural.mat using Guid(dfeb4e0ee6dc90e4c8a7cd922617b28a) Importer(815301076,1909f56bfc062723c751e8b465ee728b)  -> (artifact id: '0d5e0a8922f9b9461158186590005ef4') in 0.011027 seconds
Number of updated asset objects reloaded before import = 0
Number of asset objects unloaded after import = 4
========================================================================
Received Import Request.
  Time since last request: 30.594721 seconds.
  path: Assets/IntelligentVehicle/Models/ADC_MeasuredMaterialLibraryURP_ClearCoat/Shaders/LitInput.hlsl
  artifactKey: Guid(60bd6c6acaa092a43b8d059318b8be6f) Importer(815301076,1909f56bfc062723c751e8b465ee728b)
Start importing Assets/IntelligentVehicle/Models/ADC_MeasuredMaterialLibraryURP_ClearCoat/Shaders/LitInput.hlsl using Guid(60bd6c6acaa092a43b8d059318b8be6f) Importer(815301076,1909f56bfc062723c751e8b465ee728b)  -> (artifact id: '142af9535239534d438c73d77557c636') in 0.001396 seconds
Number of updated asset objects reloaded before import = 0
Number of asset objects unloaded after import = 1
========================================================================
Received Import Request.
  Time since last request: 8.175472 seconds.
  path: Assets/IntelligentVehicle/Models/ADC_Textures/AluminumBrushed_M.png
  artifactKey: Guid(719e140314912e340bda46f0def8dfa7) Importer(815301076,1909f56bfc062723c751e8b465ee728b)
Start importing Assets/IntelligentVehicle/Models/ADC_Textures/AluminumBrushed_M.png using Guid(719e140314912e340bda46f0def8dfa7) Importer(815301076,1909f56bfc062723c751e8b465ee728b)  -> (artifact id: '0767b0700b41d0ceb4f22c3736f68c1f') in 0.034634 seconds
Number of updated asset objects reloaded before import = 0
Number of asset objects unloaded after import = 2
========================================================================
Received Import Request.
  Time since last request: 0.000013 seconds.
  path: Assets/IntelligentVehicle/Models/ADC_Textures/QuiltedMaple_NM.png
  artifactKey: Guid(16881f6fbe15a40468c35921fae2c1d5) Importer(815301076,1909f56bfc062723c751e8b465ee728b)
Start importing Assets/IntelligentVehicle/Models/ADC_Textures/QuiltedMaple_NM.png using Guid(16881f6fbe15a40468c35921fae2c1d5) Importer(815301076,1909f56bfc062723c751e8b465ee728b)  -> (artifact id: 'dbfc76effdd0cdf53b5d6bef58529a15') in 0.016779 seconds
Number of updated asset objects reloaded before import = 0
Number of asset objects unloaded after import = 2
========================================================================
Received Import Request.
  Time since last request: 0.000031 seconds.
  path: Assets/IntelligentVehicle/Models/ADC_Textures/GlassDirt_M.png
  artifactKey: Guid(9fc1c942c5e0aa54db3bfcc9386f3fb6) Importer(815301076,1909f56bfc062723c751e8b465ee728b)
Start importing Assets/IntelligentVehicle/Models/ADC_Textures/GlassDirt_M.png using Guid(9fc1c942c5e0aa54db3bfcc9386f3fb6) Importer(815301076,1909f56bfc062723c751e8b465ee728b)  -> (artifact id: '3e602d4355f35e2767caa850b20d7def') in 0.020950 seconds
Number of updated asset objects reloaded before import = 0
Number of asset objects unloaded after import = 2
========================================================================
Received Import Request.
  Time since last request: 0.000018 seconds.
  path: Assets/IntelligentVehicle/Models/ADC_Textures/CarFlakes_NM.png
  artifactKey: Guid(ab941052b65bab5469d7376db72d99bd) Importer(815301076,1909f56bfc062723c751e8b465ee728b)
Start importing Assets/IntelligentVehicle/Models/ADC_Textures/CarFlakes_NM.png using Guid(ab941052b65bab5469d7376db72d99bd) Importer(815301076,1909f56bfc062723c751e8b465ee728b)  -> (artifact id: 'b3fe34b9f3800b9c118457df76dc271f') in 0.012669 seconds
Number of updated asset objects reloaded before import = 0
Number of asset objects unloaded after import = 2
========================================================================
Received Import Request.
  Time since last request: 0.000021 seconds.
  path: Assets/IntelligentVehicle/Models/ADC_Textures/MapleFundy_NM.png
  artifactKey: Guid(e94aa5e9556dada47b0802d32381a7c9) Importer(815301076,1909f56bfc062723c751e8b465ee728b)
Start importing Assets/IntelligentVehicle/Models/ADC_Textures/MapleFundy_NM.png using Guid(e94aa5e9556dada47b0802d32381a7c9) Importer(815301076,1909f56bfc062723c751e8b465ee728b)  -> (artifact id: '7247aebe3a04d209da115252b8aa19e8') in 0.013387 seconds
Number of updated asset objects reloaded before import = 0
Number of asset objects unloaded after import = 2
========================================================================
Received Import Request.
  Time since last request: 0.000045 seconds.
  path: Assets/IntelligentVehicle/Models/ADC_Textures/reifen_ao.tga
  artifactKey: Guid(b1d984de005bc6249926a7686e493d67) Importer(815301076,1909f56bfc062723c751e8b465ee728b)
Start importing Assets/IntelligentVehicle/Models/ADC_Textures/reifen_ao.tga using Guid(b1d984de005bc6249926a7686e493d67) Importer(815301076,1909f56bfc062723c751e8b465ee728b)  -> (artifact id: 'e7dc4d1206a8c72e7cee5653c0127a63') in 0.013333 seconds
Number of updated asset objects reloaded before import = 0
Number of asset objects unloaded after import = 2
========================================================================
Received Import Request.
  Time since last request: 0.000074 seconds.
  path: Assets/IntelligentVehicle/Models/ADC_Textures/QuiltedMaple_M.png
  artifactKey: Guid(605ced7f484768043bfa902e80c9cbb7) Importer(815301076,1909f56bfc062723c751e8b465ee728b)
Start importing Assets/IntelligentVehicle/Models/ADC_Textures/QuiltedMaple_M.png using Guid(605ced7f484768043bfa902e80c9cbb7) Importer(815301076,1909f56bfc062723c751e8b465ee728b)  -> (artifact id: '4a893f455cb416d37881c48365b9a484') in 0.014451 seconds
Number of updated asset objects reloaded before import = 0
Number of asset objects unloaded after import = 2
========================================================================
Received Import Request.
  Time since last request: 0.000021 seconds.
  path: Assets/IntelligentVehicle/Models/ADC_Textures/reifen_Seite_norm.tga
  artifactKey: Guid(3b6aa1aff65e0f243b26c11eb2f96c99) Importer(815301076,1909f56bfc062723c751e8b465ee728b)
Start importing Assets/IntelligentVehicle/Models/ADC_Textures/reifen_Seite_norm.tga using Guid(3b6aa1aff65e0f243b26c11eb2f96c99) Importer(815301076,1909f56bfc062723c751e8b465ee728b)  -> (artifact id: '7705ac01366899c571c0c4adbc68a24c') in 0.016010 seconds
Number of updated asset objects reloaded before import = 0
Number of asset objects unloaded after import = 2
========================================================================
Received Import Request.
  Time since last request: 0.000021 seconds.
  path: Assets/IntelligentVehicle/Models/ADC_Textures/PlasticDirt_M.png
  artifactKey: Guid(d9ffe79f1facb5245b06dea4d46650a7) Importer(815301076,1909f56bfc062723c751e8b465ee728b)
Start importing Assets/IntelligentVehicle/Models/ADC_Textures/PlasticDirt_M.png using Guid(d9ffe79f1facb5245b06dea4d46650a7) Importer(815301076,1909f56bfc062723c751e8b465ee728b)  -> (artifact id: '37125c7cc4aa44bb4bcbf11c9246f019') in 0.017102 seconds
Number of updated asset objects reloaded before import = 0
Number of asset objects unloaded after import = 2
========================================================================
Received Import Request.
  Time since last request: 0.000018 seconds.
  path: Assets/IntelligentVehicle/Models/ADC_Textures/FabricBrushed_Neutral_BC.png
  artifactKey: Guid(26d19e0061052464d9c55a058c685514) Importer(815301076,1909f56bfc062723c751e8b465ee728b)
Start importing Assets/IntelligentVehicle/Models/ADC_Textures/FabricBrushed_Neutral_BC.png using Guid(26d19e0061052464d9c55a058c685514) Importer(815301076,1909f56bfc062723c751e8b465ee728b)  -> (artifact id: '839d4efcf97ee47b5cc63809fac53e22') in 0.019760 seconds
Number of updated asset objects reloaded before import = 0
Number of asset objects unloaded after import = 2
========================================================================
Received Import Request.
  Time since last request: 0.000100 seconds.
  path: Assets/IntelligentVehicle/Models/ADC_Textures/CarFlakes_BC.png
  artifactKey: Guid(d36c7fd843399dc48b8582c0821022c3) Importer(815301076,1909f56bfc062723c751e8b465ee728b)
Start importing Assets/IntelligentVehicle/Models/ADC_Textures/CarFlakes_BC.png using Guid(d36c7fd843399dc48b8582c0821022c3) Importer(815301076,1909f56bfc062723c751e8b465ee728b)  -> (artifact id: 'f664005f0ce287b041187843f1ce5321') in 0.017051 seconds
Number of updated asset objects reloaded before import = 0
Number of asset objects unloaded after import = 2
========================================================================
Received Import Request.
  Time since last request: 0.000021 seconds.
  path: Assets/IntelligentVehicle/Models/ADC_Textures/FabricCoarseWeave_M.png
  artifactKey: Guid(ed05e0605088a5c459b4cbefc51724fe) Importer(815301076,1909f56bfc062723c751e8b465ee728b)
Start importing Assets/IntelligentVehicle/Models/ADC_Textures/FabricCoarseWeave_M.png using Guid(ed05e0605088a5c459b4cbefc51724fe) Importer(815301076,1909f56bfc062723c751e8b465ee728b)  -> (artifact id: 'b01949e6fa6ff764429ae87389876947') in 0.015682 seconds
Number of updated asset objects reloaded before import = 0
Number of asset objects unloaded after import = 2
========================================================================
Received Import Request.
  Time since last request: 0.000029 seconds.
  path: Assets/IntelligentVehicle/Models/ADC_Textures/NormalMap.png
  artifactKey: Guid(0585f6152f12a8d43a3173e06688dd4f) Importer(815301076,1909f56bfc062723c751e8b465ee728b)
Start importing Assets/IntelligentVehicle/Models/ADC_Textures/NormalMap.png using Guid(0585f6152f12a8d43a3173e06688dd4f) Importer(815301076,1909f56bfc062723c751e8b465ee728b)  -> (artifact id: 'bcae5b97905012f051b294e6510ce412') in 0.011052 seconds
Number of updated asset objects reloaded before import = 0
Number of asset objects unloaded after import = 2
========================================================================
Received Import Request.
  Time since last request: 0.000015 seconds.
  path: Assets/IntelligentVehicle/Models/ADC_Textures/reifen_norm.tga
  artifactKey: Guid(940bec7fb11893b47b263dce06c084a3) Importer(815301076,1909f56bfc062723c751e8b465ee728b)
Start importing Assets/IntelligentVehicle/Models/ADC_Textures/reifen_norm.tga using Guid(940bec7fb11893b47b263dce06c084a3) Importer(815301076,1909f56bfc062723c751e8b465ee728b)  -> (artifact id: '2767c82d549abe3a4c93d6e640cb28e9') in 0.012120 seconds
Number of updated asset objects reloaded before import = 0
Number of asset objects unloaded after import = 2
========================================================================
Received Import Request.
  Time since last request: 0.000018 seconds.
  path: Assets/IntelligentVehicle/Models/ADC_Textures/display.png
  artifactKey: Guid(66ce76b71e316164fa0c5b55b07ca072) Importer(815301076,1909f56bfc062723c751e8b465ee728b)
Start importing Assets/IntelligentVehicle/Models/ADC_Textures/display.png using Guid(66ce76b71e316164fa0c5b55b07ca072) Importer(815301076,1909f56bfc062723c751e8b465ee728b)  -> (artifact id: '92486f6399f9c20138b0171c5d64f668') in 0.021958 seconds
Number of updated asset objects reloaded before import = 0
Number of asset objects unloaded after import = 2
========================================================================
Received Import Request.
  Time since last request: 0.000027 seconds.
  path: Assets/IntelligentVehicle/Models/ADC_Textures/FabricTwillFlecked_M.png
  artifactKey: Guid(52b95f518018c2646b363acb52a69050) Importer(815301076,1909f56bfc062723c751e8b465ee728b)
Start importing Assets/IntelligentVehicle/Models/ADC_Textures/FabricTwillFlecked_M.png using Guid(52b95f518018c2646b363acb52a69050) Importer(815301076,1909f56bfc062723c751e8b465ee728b)  -> (artifact id: '2f16ffc6c0ad4b237b63fdab19bdbb21') in 0.013204 seconds
Number of updated asset objects reloaded before import = 0
Number of asset objects unloaded after import = 2
========================================================================
Received Import Request.
  Time since last request: 0.000014 seconds.
  path: Assets/IntelligentVehicle/Models/ADC_Textures/AluminumScratched_M.png
  artifactKey: Guid(13d9b8b3485489e449ff1ee896151f7b) Importer(815301076,1909f56bfc062723c751e8b465ee728b)
Start importing Assets/IntelligentVehicle/Models/ADC_Textures/AluminumScratched_M.png using Guid(13d9b8b3485489e449ff1ee896151f7b) Importer(815301076,1909f56bfc062723c751e8b465ee728b)  -> (artifact id: '201c9edb4ec367762a1bbb56069a2512') in 0.014025 seconds
Number of updated asset objects reloaded before import = 0
Number of asset objects unloaded after import = 2
========================================================================
Received Import Request.
  Time since last request: 0.000133 seconds.
  path: Assets/IntelligentVehicle/Models/ADC_Textures/CarFlakes_M.png
  artifactKey: Guid(76c27ee6fc0ad834192f9055d42db8b8) Importer(815301076,1909f56bfc062723c751e8b465ee728b)
Start importing Assets/IntelligentVehicle/Models/ADC_Textures/CarFlakes_M.png using Guid(76c27ee6fc0ad834192f9055d42db8b8) Importer(815301076,1909f56bfc062723c751e8b465ee728b)  -> (artifact id: 'eb68e3ae60af737a5d11869c2e597e94') in 0.027634 seconds
Number of updated asset objects reloaded before import = 0
Number of asset objects unloaded after import = 2
========================================================================
Received Import Request.
  Time since last request: 0.000013 seconds.
  path: Assets/IntelligentVehicle/Models/ADC_Textures/LeatherLargeGrain_NM.png
  artifactKey: Guid(f79c66ec2c0dde24c9ba21939ce89ed8) Importer(815301076,1909f56bfc062723c751e8b465ee728b)
Start importing Assets/IntelligentVehicle/Models/ADC_Textures/LeatherLargeGrain_NM.png using Guid(f79c66ec2c0dde24c9ba21939ce89ed8) Importer(815301076,1909f56bfc062723c751e8b465ee728b)  -> (artifact id: 'dff993a027da54abf43b02a3cb4bb7a2') in 0.011967 seconds
Number of updated asset objects reloaded before import = 0
Number of asset objects unloaded after import = 2
