Using pre-set license
Built from '2022.3/staging' branch; Version is '2022.3.23f1 (dbb3f7c5b5c6) revision 14398455'; Using compiler version '192829333'; Build Type 'Release'
OS: 'Windows 10  (10.0.19045) 64bit Enterprise' Language: 'en' Physical Memory: 32448 MB
BatchMode: 1, IsHumanControllingUs: 0, StartBugReporterOnCrash: 0, Is64bit: 1, IsPro: 1

COMMAND LINE ARGUMENTS:
D:\Unity 2022.3.23f1\Editor\Unity.exe
-adb2
-batchMode
-noUpm
-name
AssetImportWorker0
-projectPath
D:/Archive/5_Automatically_Car/Conti_AutonomousCar/Conti_AutonomousCar
-logFile
Logs/AssetImportWorker0.log
-srvPort
54186
Successfully changed project path to: D:/Archive/5_Automatically_Car/Conti_AutonomousCar/Conti_AutonomousCar
D:/Archive/5_Automatically_Car/Conti_AutonomousCar/Conti_AutonomousCar
[UnityMemory] Configuration Parameters - Can be set up in boot.config
    "memorysetup-bucket-allocator-granularity=16"
    "memorysetup-bucket-allocator-bucket-count=8"
    "memorysetup-bucket-allocator-block-size=33554432"
    "memorysetup-bucket-allocator-block-count=8"
    "memorysetup-main-allocator-block-size=16777216"
    "memorysetup-thread-allocator-block-size=16777216"
    "memorysetup-gfx-main-allocator-block-size=16777216"
    "memorysetup-gfx-thread-allocator-block-size=16777216"
    "memorysetup-cache-allocator-block-size=4194304"
    "memorysetup-typetree-allocator-block-size=2097152"
    "memorysetup-profiler-bucket-allocator-granularity=16"
    "memorysetup-profiler-bucket-allocator-bucket-count=8"
    "memorysetup-profiler-bucket-allocator-block-size=33554432"
    "memorysetup-profiler-bucket-allocator-block-count=8"
    "memorysetup-profiler-allocator-block-size=16777216"
    "memorysetup-profiler-editor-allocator-block-size=1048576"
    "memorysetup-temp-allocator-size-main=16777216"
    "memorysetup-job-temp-allocator-block-size=2097152"
    "memorysetup-job-temp-allocator-block-size-background=1048576"
    "memorysetup-job-temp-allocator-reduction-small-platforms=262144"
    "memorysetup-allocator-temp-initial-block-size-main=262144"
    "memorysetup-allocator-temp-initial-block-size-worker=262144"
    "memorysetup-temp-allocator-size-background-worker=32768"
    "memorysetup-temp-allocator-size-job-worker=262144"
    "memorysetup-temp-allocator-size-preload-manager=33554432"
    "memorysetup-temp-allocator-size-nav-mesh-worker=65536"
    "memorysetup-temp-allocator-size-audio-worker=65536"
    "memorysetup-temp-allocator-size-cloud-worker=32768"
    "memorysetup-temp-allocator-size-gi-baking-worker=262144"
    "memorysetup-temp-allocator-size-gfx=262144"
Player connection [4908] Host "[IP] 10.221.238.43 [Port] 0 [Flags] 2 [Guid] 1776308508 [EditorId] 1776308508 [Version] 1048832 [Id] WindowsEditor(7,IGL7195W) [Debug] 1 [PackageName] WindowsEditor [ProjectName] Editor" joined multi-casting on [225.0.0.222:54997]...

Player connection [4908] Host "[IP] 10.221.238.43 [Port] 0 [Flags] 2 [Guid] 1776308508 [EditorId] 1776308508 [Version] 1048832 [Id] WindowsEditor(7,IGL7195W) [Debug] 1 [PackageName] WindowsEditor [ProjectName] Editor" joined alternative multi-casting on [225.0.0.222:34997]...

[Physics::Module] Initialized MultithreadedJobDispatcher with 7 workers.
Refreshing native plugins compatible for Editor in 9.23 ms, found 3 plugins.
Preloading 0 native plugins for Editor in 0.00 ms.
Initialize engine version: 2022.3.23f1 (dbb3f7c5b5c6)
[Subsystems] Discovering subsystems at path D:/Unity 2022.3.23f1/Editor/Data/Resources/UnitySubsystems
[Subsystems] Discovering subsystems at path D:/Archive/5_Automatically_Car/Conti_AutonomousCar/Conti_AutonomousCar/Assets
GfxDevice: creating device client; threaded=0; jobified=0
Direct3D:
    Version:  Direct3D 11.0 [level 11.1]
    Renderer: NVIDIA T500 (ID=0x1fbb)
    Vendor:   NVIDIA
    VRAM:     3968 MB
    Driver:   27.21.14.5256
Initialize mono
Mono path[0] = 'D:/Unity 2022.3.23f1/Editor/Data/Managed'
Mono path[1] = 'D:/Unity 2022.3.23f1/Editor/Data/MonoBleedingEdge/lib/mono/unityjit-win32'
Mono config path = 'D:/Unity 2022.3.23f1/Editor/Data/MonoBleedingEdge/etc'
Using monoOptions --debugger-agent=transport=dt_socket,embedding=1,server=y,suspend=n,address=127.0.0.1:56008
Begin MonoManager ReloadAssembly
Registering precompiled unity dll's ...
Register platform support module: D:/Unity 2022.3.23f1/Editor/Data/PlaybackEngines/WindowsStandaloneSupport/UnityEditor.WindowsStandalone.Extensions.dll
Registered in 0.003275 seconds.
- Loaded All Assemblies, in  0.480 seconds
Native extension for WindowsStandalone target not found
Mono: successfully reloaded assembly
- Finished resetting the current domain, in  0.420 seconds
Domain Reload Profiling: 900ms
	BeginReloadAssembly (143ms)
		ExecutionOrderSort (0ms)
		DisableScriptedObjects (0ms)
		BackupInstance (0ms)
		ReleaseScriptingObjects (0ms)
		CreateAndSetChildDomain (1ms)
	RebuildCommonClasses (59ms)
	RebuildNativeTypeToScriptingClass (20ms)
	initialDomainReloadingComplete (67ms)
	LoadAllAssembliesAndSetupDomain (190ms)
		LoadAssemblies (143ms)
		RebuildTransferFunctionScriptingTraits (0ms)
		AnalyzeDomain (187ms)
			TypeCache.Refresh (186ms)
				TypeCache.ScanAssembly (169ms)
			ScanForSourceGeneratedMonoScriptInfo (0ms)
			ResolveRequiredComponents (0ms)
	FinalizeReload (421ms)
		ReleaseScriptCaches (0ms)
		RebuildScriptCaches (0ms)
		SetupLoadedEditorAssemblies (349ms)
			LogAssemblyErrors (0ms)
			InitializePlatformSupportModulesInManaged (11ms)
			SetLoadedEditorAssemblies (12ms)
			RefreshPlugins (0ms)
			BeforeProcessingInitializeOnLoad (2ms)
			ProcessInitializeOnLoadAttributes (258ms)
			ProcessInitializeOnLoadMethodAttributes (65ms)
			AfterProcessingInitializeOnLoad (0ms)
			EditorAssembliesLoaded (0ms)
		ExecutionOrderSort2 (0ms)
		AwakeInstancesAfterBackupRestoration (0ms)
========================================================================
Worker process is ready to serve import requests
Begin MonoManager ReloadAssembly
- Loaded All Assemblies, in  0.807 seconds
Refreshing native plugins compatible for Editor in 4.07 ms, found 3 plugins.
Native extension for WindowsStandalone target not found
Package Manager log level set to [2]
[Package Manager] Server::EnsureServerProcessIsRunning -- launch failed, reason: Unity was launched with the -noUpm command-line argument
[Package Manager] UpmClient::Send -- Unable to send message (not connected to UPM process).
[Package Manager] Cannot connect to Unity Package Manager local server
Mono: successfully reloaded assembly
- Finished resetting the current domain, in  0.880 seconds
Domain Reload Profiling: 1687ms
	BeginReloadAssembly (184ms)
		ExecutionOrderSort (0ms)
		DisableScriptedObjects (7ms)
		BackupInstance (0ms)
		ReleaseScriptingObjects (0ms)
		CreateAndSetChildDomain (28ms)
	RebuildCommonClasses (46ms)
	RebuildNativeTypeToScriptingClass (21ms)
	initialDomainReloadingComplete (63ms)
	LoadAllAssembliesAndSetupDomain (492ms)
		LoadAssemblies (347ms)
		RebuildTransferFunctionScriptingTraits (0ms)
		AnalyzeDomain (247ms)
			TypeCache.Refresh (216ms)
				TypeCache.ScanAssembly (186ms)
			ScanForSourceGeneratedMonoScriptInfo (24ms)
			ResolveRequiredComponents (6ms)
	FinalizeReload (880ms)
		ReleaseScriptCaches (0ms)
		RebuildScriptCaches (0ms)
		SetupLoadedEditorAssemblies (666ms)
			LogAssemblyErrors (0ms)
			InitializePlatformSupportModulesInManaged (8ms)
			SetLoadedEditorAssemblies (6ms)
			RefreshPlugins (0ms)
			BeforeProcessingInitializeOnLoad (108ms)
			ProcessInitializeOnLoadAttributes (517ms)
			ProcessInitializeOnLoadMethodAttributes (24ms)
			AfterProcessingInitializeOnLoad (3ms)
			EditorAssembliesLoaded (0ms)
		ExecutionOrderSort2 (0ms)
		AwakeInstancesAfterBackupRestoration (9ms)
Launched and connected shader compiler UnityShaderCompiler.exe after 0.11 seconds
Refreshing native plugins compatible for Editor in 3.00 ms, found 3 plugins.
Preloading 0 native plugins for Editor in 0.00 ms.
Unloading 3094 Unused Serialized files (Serialized files now loaded: 0)
Unloading 33 unused Assets / (164.7 KB). Loaded Objects now: 3554.
Memory consumption went from 121.4 MB to 121.2 MB.
Total: 2.605700 ms (FindLiveObjects: 0.298200 ms CreateObjectMapping: 0.099500 ms MarkObjects: 2.038700 ms  DeleteObjects: 0.168100 ms)

AssetImportParameters requested are different than current active one (requested -> active):
  custom:container-demuxer-ogg: 62fdf1f143b41e24485cea50d1cbac27 -> 
  custom:video-decoder-ogg-theora: a1e56fd34408186e4bbccfd4996cb3dc -> 
  custom:framework-win-MediaFoundation: 216162199b28c13a410421893ffa2e32 -> 
  custom:CustomObjectIndexerAttribute: 9a22284fe3817be447336de3de66b15e -> 
  custom:container-demuxer-webm: 4f35f7cbe854078d1ac9338744f61a02 -> 
  custom:container-muxer-webm: aa71ff27fc2769a1b78a27578f13a17b -> 
  custom:video-decoder-webm-vp8: 9c59270c3fd7afecdb556c50c9e8de78 -> 
  custom:SearchIndexIgnoredProperties: e643bd26f0fe6173181afceb89e7c659 -> 
  custom:AudioImporter_EditorPlatform: d09bf68614088b80899f8185d706f6e7 -> 
  custom:video-encoder-webm-vp8: eb34c28f22e8b96e1ab97ce403110664 -> 
  custom:audio-decoder-ogg-vorbis: bf7c407c2cedff20999df2af8eb42d56 -> 
  custom:audio-encoder-webm-vorbis: bf7c407c2cedff20999df2af8eb42d56 -> 
========================================================================
Received Import Request.
  Time since last request: 5703.712076 seconds.
  path: Assets/IntelligentVehicle/Models/ADC_Continental.prefab
  artifactKey: Guid(12690af6ba6c2244e9d66bb87443b5da) Importer(815301076,1909f56bfc062723c751e8b465ee728b)
Start importing Assets/IntelligentVehicle/Models/ADC_Continental.prefab using Guid(12690af6ba6c2244e9d66bb87443b5da) Importer(815301076,1909f56bfc062723c751e8b465ee728b)  -> (artifact id: 'f613f16d66b9ee50ce9750ff2e6512f0') in 0.576151 seconds
Number of updated asset objects reloaded before import = 0
Number of asset objects unloaded after import = 6422
========================================================================
Received Import Request.
  Time since last request: 6.527863 seconds.
  path: Assets/IntelligentVehicle/Models/ACD_Materials
  artifactKey: Guid(a80cc4eceff7ea441896b6519e3b7b6c) Importer(815301076,1909f56bfc062723c751e8b465ee728b)
Start importing Assets/IntelligentVehicle/Models/ACD_Materials using Guid(a80cc4eceff7ea441896b6519e3b7b6c) Importer(815301076,1909f56bfc062723c751e8b465ee728b)  -> (artifact id: 'a2a77f9bac3e4bfa5727ed478f45dc22') in 0.002708 seconds
Number of updated asset objects reloaded before import = 0
Number of asset objects unloaded after import = 0
========================================================================
Received Import Request.
  Time since last request: 0.075717 seconds.
  path: Assets/IntelligentVehicle/Models/ACD_Materials/ADC.FBX
  artifactKey: Guid(87af3b1975f5d7d47a87fcafb0b679bd) Importer(815301076,1909f56bfc062723c751e8b465ee728b)
Start importing Assets/IntelligentVehicle/Models/ACD_Materials/ADC.FBX using Guid(87af3b1975f5d7d47a87fcafb0b679bd) Importer(815301076,1909f56bfc062723c751e8b465ee728b)  -> (artifact id: '49e1ee9789fb5d036fd3d75a9cdec9ac') in 1.548909 seconds
Number of updated asset objects reloaded before import = 0
Number of asset objects unloaded after import = 2031
========================================================================
Received Import Request.
  Time since last request: 5.422137 seconds.
  path: Assets/IntelligentVehicle/Models/ADC_MeasuredMaterialLibraryURP_ClearCoat
  artifactKey: Guid(4578b0862f7f88e42a86d51e970ce2e8) Importer(815301076,1909f56bfc062723c751e8b465ee728b)
Start importing Assets/IntelligentVehicle/Models/ADC_MeasuredMaterialLibraryURP_ClearCoat using Guid(4578b0862f7f88e42a86d51e970ce2e8) Importer(815301076,1909f56bfc062723c751e8b465ee728b)  -> (artifact id: '27bd74aa13f0faf53e618d542bec4f60') in 0.001833 seconds
Number of updated asset objects reloaded before import = 0
Number of asset objects unloaded after import = 0
========================================================================
Received Import Request.
  Time since last request: 0.714883 seconds.
  path: Assets/IntelligentVehicle/Models/ADC_MeasuredMaterialLibraryURP_ClearCoat/ShaderLibrary
  artifactKey: Guid(03c32fd9a24349f4b800b01af9dc43f5) Importer(815301076,1909f56bfc062723c751e8b465ee728b)
Start importing Assets/IntelligentVehicle/Models/ADC_MeasuredMaterialLibraryURP_ClearCoat/ShaderLibrary using Guid(03c32fd9a24349f4b800b01af9dc43f5) Importer(815301076,1909f56bfc062723c751e8b465ee728b)  -> (artifact id: '3067b8c0cc7ca35f7a936d01ed79e587') in 0.000761 seconds
Number of updated asset objects reloaded before import = 0
Number of asset objects unloaded after import = 0
========================================================================
Received Import Request.
  Time since last request: 0.086295 seconds.
  path: Assets/IntelligentVehicle/Models/ADC_MeasuredMaterialLibraryURP_ClearCoat/ShaderLibrary/Lighting.hlsl
  artifactKey: Guid(8c7f3ce6e4482914094ecde80ceacf4d) Importer(815301076,1909f56bfc062723c751e8b465ee728b)
Start importing Assets/IntelligentVehicle/Models/ADC_MeasuredMaterialLibraryURP_ClearCoat/ShaderLibrary/Lighting.hlsl using Guid(8c7f3ce6e4482914094ecde80ceacf4d) Importer(815301076,1909f56bfc062723c751e8b465ee728b)  -> (artifact id: '44742b52f1209ab0cc64fbce48895499') in 0.001154 seconds
Number of updated asset objects reloaded before import = 0
Number of asset objects unloaded after import = 1
========================================================================
Received Import Request.
  Time since last request: 23.182001 seconds.
  path: Assets/IntelligentVehicle/Models/ADC_MeasuredMaterialLibraryURP_ClearCoat/Shaders
  artifactKey: Guid(ab74a9b049fc00d49a38ee8369d1268c) Importer(815301076,1909f56bfc062723c751e8b465ee728b)
Start importing Assets/IntelligentVehicle/Models/ADC_MeasuredMaterialLibraryURP_ClearCoat/Shaders using Guid(ab74a9b049fc00d49a38ee8369d1268c) Importer(815301076,1909f56bfc062723c751e8b465ee728b)  -> (artifact id: 'c61996c28f988adc281a7d24b3f1bee8') in 0.000512 seconds
Number of updated asset objects reloaded before import = 0
Number of asset objects unloaded after import = 0
========================================================================
Received Import Request.
  Time since last request: 0.102641 seconds.
  path: Assets/IntelligentVehicle/Models/ADC_MeasuredMaterialLibraryURP_ClearCoat/Shaders/LitForwardPass.hlsl
  artifactKey: Guid(d421574b3a4f299438cfcf0e3b37d2f1) Importer(815301076,1909f56bfc062723c751e8b465ee728b)
Start importing Assets/IntelligentVehicle/Models/ADC_MeasuredMaterialLibraryURP_ClearCoat/Shaders/LitForwardPass.hlsl using Guid(d421574b3a4f299438cfcf0e3b37d2f1) Importer(815301076,1909f56bfc062723c751e8b465ee728b)  -> (artifact id: '1f7a66fc0b6365edf44401b86587aa05') in 0.001267 seconds
Number of updated asset objects reloaded before import = 0
Number of asset objects unloaded after import = 1
========================================================================
Received Import Request.
  Time since last request: 4.110191 seconds.
  path: Assets/IntelligentVehicle/Models/ADC_MeasuredMaterialLibraryURP_ClearCoat/ShaderGraphs
  artifactKey: Guid(958392bdd8f135943b48f6d6a02d05f4) Importer(815301076,1909f56bfc062723c751e8b465ee728b)
Start importing Assets/IntelligentVehicle/Models/ADC_MeasuredMaterialLibraryURP_ClearCoat/ShaderGraphs using Guid(958392bdd8f135943b48f6d6a02d05f4) Importer(815301076,1909f56bfc062723c751e8b465ee728b)  -> (artifact id: '576a938f3bd924b1ba346ade48f12e93') in 0.000862 seconds
Number of updated asset objects reloaded before import = 0
Number of asset objects unloaded after import = 0
========================================================================
Received Import Request.
  Time since last request: 3.970177 seconds.
  path: Assets/IntelligentVehicle/Models/ADC_Textures
  artifactKey: Guid(3d377853ff83d0548ac2199daedc2056) Importer(815301076,1909f56bfc062723c751e8b465ee728b)
Start importing Assets/IntelligentVehicle/Models/ADC_Textures using Guid(3d377853ff83d0548ac2199daedc2056) Importer(815301076,1909f56bfc062723c751e8b465ee728b)  -> (artifact id: 'e47f1f2f202cdb89507212e445611612') in 0.000739 seconds
Number of updated asset objects reloaded before import = 0
Number of asset objects unloaded after import = 0
========================================================================
Received Import Request.
  Time since last request: 0.092441 seconds.
  path: Assets/IntelligentVehicle/Models/ADC_Textures/Aluminum_M.png
  artifactKey: Guid(cf25100d0b86c9d4d88ec55c046ef2c1) Importer(815301076,1909f56bfc062723c751e8b465ee728b)
Start importing Assets/IntelligentVehicle/Models/ADC_Textures/Aluminum_M.png using Guid(cf25100d0b86c9d4d88ec55c046ef2c1) Importer(815301076,1909f56bfc062723c751e8b465ee728b)  -> (artifact id: 'e6861759c9d3954d680726869edb19cc') in 0.035341 seconds
Number of updated asset objects reloaded before import = 0
Number of asset objects unloaded after import = 2
========================================================================
Received Import Request.
  Time since last request: 0.000018 seconds.
  path: Assets/IntelligentVehicle/Models/ADC_Textures/Nummernschild_Conti.tga
  artifactKey: Guid(1c6abc2a06cd04a408d38aeb61553c24) Importer(815301076,1909f56bfc062723c751e8b465ee728b)
Start importing Assets/IntelligentVehicle/Models/ADC_Textures/Nummernschild_Conti.tga using Guid(1c6abc2a06cd04a408d38aeb61553c24) Importer(815301076,1909f56bfc062723c751e8b465ee728b)  -> (artifact id: '14f50111b8f921b06d07430b79a08ab5') in 0.013961 seconds
Number of updated asset objects reloaded before import = 0
Number of asset objects unloaded after import = 2
========================================================================
Received Import Request.
  Time since last request: 0.000016 seconds.
  path: Assets/IntelligentVehicle/Models/ADC_Textures/FabricCoarseWeave_NM.png
  artifactKey: Guid(d2f756d01df4e9e4d89e9c92696f1061) Importer(815301076,1909f56bfc062723c751e8b465ee728b)
Start importing Assets/IntelligentVehicle/Models/ADC_Textures/FabricCoarseWeave_NM.png using Guid(d2f756d01df4e9e4d89e9c92696f1061) Importer(815301076,1909f56bfc062723c751e8b465ee728b)  -> (artifact id: '15886da3f723313c6be89b2170faf56e') in 0.017726 seconds
Number of updated asset objects reloaded before import = 0
Number of asset objects unloaded after import = 2
========================================================================
Received Import Request.
  Time since last request: 0.000018 seconds.
  path: Assets/IntelligentVehicle/Models/ADC_Textures/reifen_Seite_spec.tga
  artifactKey: Guid(0b42350e5c2b7b14aa117ada180255ad) Importer(815301076,1909f56bfc062723c751e8b465ee728b)
Start importing Assets/IntelligentVehicle/Models/ADC_Textures/reifen_Seite_spec.tga using Guid(0b42350e5c2b7b14aa117ada180255ad) Importer(815301076,1909f56bfc062723c751e8b465ee728b)  -> (artifact id: '03a7352d99c89c544df79bdb15da890d') in 0.009730 seconds
Number of updated asset objects reloaded before import = 0
Number of asset objects unloaded after import = 2
========================================================================
Received Import Request.
  Time since last request: 0.000022 seconds.
  path: Assets/IntelligentVehicle/Models/ADC_Textures/MapleFundy_M.png
  artifactKey: Guid(20f5fc6332c767c4c8ddf8d86eb15b62) Importer(815301076,1909f56bfc062723c751e8b465ee728b)
Start importing Assets/IntelligentVehicle/Models/ADC_Textures/MapleFundy_M.png using Guid(20f5fc6332c767c4c8ddf8d86eb15b62) Importer(815301076,1909f56bfc062723c751e8b465ee728b)  -> (artifact id: 'e25609f0a6376d0e63c06539a146d480') in 0.016020 seconds
Number of updated asset objects reloaded before import = 0
Number of asset objects unloaded after import = 2
========================================================================
Received Import Request.
  Time since last request: 0.000025 seconds.
  path: Assets/IntelligentVehicle/Models/ADC_Textures/LeatherLargeGrain_Neutral_BC.png
  artifactKey: Guid(6e7146fc58f88a845b5aba2d2947c4da) Importer(815301076,1909f56bfc062723c751e8b465ee728b)
Start importing Assets/IntelligentVehicle/Models/ADC_Textures/LeatherLargeGrain_Neutral_BC.png using Guid(6e7146fc58f88a845b5aba2d2947c4da) Importer(815301076,1909f56bfc062723c751e8b465ee728b)  -> (artifact id: '82d1b43e42165a37d018c65eacf72fb5') in 0.013399 seconds
Number of updated asset objects reloaded before import = 0
Number of asset objects unloaded after import = 2
========================================================================
Received Import Request.
  Time since last request: 0.000014 seconds.
  path: Assets/IntelligentVehicle/Models/ADC_Textures/blob hybrid.tga
  artifactKey: Guid(3e07e6751d8d5a04f9f1a12c19b7023e) Importer(815301076,1909f56bfc062723c751e8b465ee728b)
Start importing Assets/IntelligentVehicle/Models/ADC_Textures/blob hybrid.tga using Guid(3e07e6751d8d5a04f9f1a12c19b7023e) Importer(815301076,1909f56bfc062723c751e8b465ee728b)  -> (artifact id: '9bfd80682b49f924957ee2a67cb1af12') in 0.030521 seconds
Number of updated asset objects reloaded before import = 0
Number of asset objects unloaded after import = 3
========================================================================
Received Import Request.
  Time since last request: 0.000187 seconds.
  path: Assets/IntelligentVehicle/Models/ADC_Textures/ChromeDirtSatin_M.png
  artifactKey: Guid(d74e1653d7752bb458f98bd5555124fb) Importer(815301076,1909f56bfc062723c751e8b465ee728b)
Start importing Assets/IntelligentVehicle/Models/ADC_Textures/ChromeDirtSatin_M.png using Guid(d74e1653d7752bb458f98bd5555124fb) Importer(815301076,1909f56bfc062723c751e8b465ee728b)  -> (artifact id: '15768699d43574e344ada2ea3ee8a9f9') in 0.013152 seconds
Number of updated asset objects reloaded before import = 0
Number of asset objects unloaded after import = 2
========================================================================
Received Import Request.
  Time since last request: 0.000022 seconds.
  path: Assets/IntelligentVehicle/Models/ADC_Textures/Grid.png
  artifactKey: Guid(7594a51e49d6639409dd7f8755c67760) Importer(815301076,1909f56bfc062723c751e8b465ee728b)
Start importing Assets/IntelligentVehicle/Models/ADC_Textures/Grid.png using Guid(7594a51e49d6639409dd7f8755c67760) Importer(815301076,1909f56bfc062723c751e8b465ee728b)  -> (artifact id: '2efd0e8e0292dbfe009b797284837591') in 0.020367 seconds
Number of updated asset objects reloaded before import = 0
Number of asset objects unloaded after import = 2
========================================================================
Received Import Request.
  Time since last request: 0.000024 seconds.
  path: Assets/IntelligentVehicle/Models/ADC_Textures/FabricCoarseWeave_Neutral_BC.png
  artifactKey: Guid(9a5d7730d6826ad44a47f1e939c63ac8) Importer(815301076,1909f56bfc062723c751e8b465ee728b)
Start importing Assets/IntelligentVehicle/Models/ADC_Textures/FabricCoarseWeave_Neutral_BC.png using Guid(9a5d7730d6826ad44a47f1e939c63ac8) Importer(815301076,1909f56bfc062723c751e8b465ee728b)  -> (artifact id: 'b6b22eb728ac7b4ea566efb5f4111d0f') in 0.010572 seconds
Number of updated asset objects reloaded before import = 0
Number of asset objects unloaded after import = 2
========================================================================
Received Import Request.
  Time since last request: 0.000139 seconds.
  path: Assets/IntelligentVehicle/Models/ADC_Textures/FabricBrushed_M.png
  artifactKey: Guid(b5bed4b948b573b4ea6713f9ecb3f003) Importer(815301076,1909f56bfc062723c751e8b465ee728b)
Start importing Assets/IntelligentVehicle/Models/ADC_Textures/FabricBrushed_M.png using Guid(b5bed4b948b573b4ea6713f9ecb3f003) Importer(815301076,1909f56bfc062723c751e8b465ee728b)  -> (artifact id: 'f6350149f962524b642e59bd19155628') in 0.038051 seconds
Number of updated asset objects reloaded before import = 0
Number of asset objects unloaded after import = 2
========================================================================
Received Import Request.
  Time since last request: 0.000111 seconds.
  path: Assets/IntelligentVehicle/Models/ADC_Textures/QuiltedMaple_LightContrast_BC.png
  artifactKey: Guid(98c2a36667da62241a53cf0ae6c385b9) Importer(815301076,1909f56bfc062723c751e8b465ee728b)
Start importing Assets/IntelligentVehicle/Models/ADC_Textures/QuiltedMaple_LightContrast_BC.png using Guid(98c2a36667da62241a53cf0ae6c385b9) Importer(815301076,1909f56bfc062723c751e8b465ee728b)  -> (artifact id: '23f4fb513ee79d9c2db91f2ab3f2cfe0') in 0.019538 seconds
Number of updated asset objects reloaded before import = 0
Number of asset objects unloaded after import = 2
========================================================================
Received Import Request.
  Time since last request: 0.000014 seconds.
  path: Assets/IntelligentVehicle/Models/ADC_Textures/FabricBrushed_NM.png
  artifactKey: Guid(a5e8285797f5d30419c8c3de63ee84fc) Importer(815301076,1909f56bfc062723c751e8b465ee728b)
Start importing Assets/IntelligentVehicle/Models/ADC_Textures/FabricBrushed_NM.png using Guid(a5e8285797f5d30419c8c3de63ee84fc) Importer(815301076,1909f56bfc062723c751e8b465ee728b)  -> (artifact id: '3639442bde54d1897727d1996dbc40b1') in 0.011282 seconds
Number of updated asset objects reloaded before import = 0
Number of asset objects unloaded after import = 2
========================================================================
Received Import Request.
  Time since last request: 0.000036 seconds.
  path: Assets/IntelligentVehicle/Models/ADC_Textures/LeatherLargeGrain_M.png
  artifactKey: Guid(e57cfb6218930d24fba4e00d7cf578f4) Importer(815301076,1909f56bfc062723c751e8b465ee728b)
Start importing Assets/IntelligentVehicle/Models/ADC_Textures/LeatherLargeGrain_M.png using Guid(e57cfb6218930d24fba4e00d7cf578f4) Importer(815301076,1909f56bfc062723c751e8b465ee728b)  -> (artifact id: '879ceb3ea199d01ac8127229b0085c58') in 0.015153 seconds
Number of updated asset objects reloaded before import = 0
Number of asset objects unloaded after import = 2
========================================================================
Received Import Request.
  Time since last request: 0.000017 seconds.
  path: Assets/IntelligentVehicle/Models/ADC_Textures/FabricTwillFlecked_NM.png
  artifactKey: Guid(95f984c05a0e19e42be9dfd869f04a5b) Importer(815301076,1909f56bfc062723c751e8b465ee728b)
Start importing Assets/IntelligentVehicle/Models/ADC_Textures/FabricTwillFlecked_NM.png using Guid(95f984c05a0e19e42be9dfd869f04a5b) Importer(815301076,1909f56bfc062723c751e8b465ee728b)  -> (artifact id: '6b08010fbffe9cb1f55f58b567018e05') in 0.023376 seconds
Number of updated asset objects reloaded before import = 0
Number of asset objects unloaded after import = 2
========================================================================
Received Import Request.
  Time since last request: 0.000120 seconds.
  path: Assets/IntelligentVehicle/Models/ADC_Textures/FabricTwillFlecked_Neutral_BC.png
  artifactKey: Guid(23126f4c804d47c4ead84650b3cd6fae) Importer(815301076,1909f56bfc062723c751e8b465ee728b)
Start importing Assets/IntelligentVehicle/Models/ADC_Textures/FabricTwillFlecked_Neutral_BC.png using Guid(23126f4c804d47c4ead84650b3cd6fae) Importer(815301076,1909f56bfc062723c751e8b465ee728b)  -> (artifact id: '0a659fe4ca8c4c8149192e9446a72365') in 0.027224 seconds
Number of updated asset objects reloaded before import = 0
Number of asset objects unloaded after import = 2
========================================================================
Received Import Request.
  Time since last request: 0.000019 seconds.
  path: Assets/IntelligentVehicle/Models/ADC_Textures/PlasticGrainy_Normal.png
  artifactKey: Guid(0b59fab988141b3479f7b25a763df8e3) Importer(815301076,1909f56bfc062723c751e8b465ee728b)
Start importing Assets/IntelligentVehicle/Models/ADC_Textures/PlasticGrainy_Normal.png using Guid(0b59fab988141b3479f7b25a763df8e3) Importer(815301076,1909f56bfc062723c751e8b465ee728b)  -> (artifact id: 'dac609dbfcaa0fc34e1dde4ca10aa351') in 0.012318 seconds
Number of updated asset objects reloaded before import = 0
Number of asset objects unloaded after import = 2
========================================================================
Received Import Request.
  Time since last request: 7.055384 seconds.
  path: Assets/IntelligentVehicle/Models/ADC_Textures/Materials
  artifactKey: Guid(8941574290a7cc344b79e2c72af4dda4) Importer(815301076,1909f56bfc062723c751e8b465ee728b)
Start importing Assets/IntelligentVehicle/Models/ADC_Textures/Materials using Guid(8941574290a7cc344b79e2c72af4dda4) Importer(815301076,1909f56bfc062723c751e8b465ee728b)  -> (artifact id: '4cf9df5123c40fb19d0c350a4d044fdf') in 0.000761 seconds
Number of updated asset objects reloaded before import = 0
Number of asset objects unloaded after import = 0
========================================================================
Received Import Request.
  Time since last request: 0.079282 seconds.
  path: Assets/IntelligentVehicle/Models/ADC_Textures/Materials/display.mat
  artifactKey: Guid(e13110377cbbe814f827fe8122a3c7f9) Importer(815301076,1909f56bfc062723c751e8b465ee728b)
Start importing Assets/IntelligentVehicle/Models/ADC_Textures/Materials/display.mat using Guid(e13110377cbbe814f827fe8122a3c7f9) Importer(815301076,1909f56bfc062723c751e8b465ee728b)  -> (artifact id: '892a2624eca8fe1d57affaeecfb0ced2') in 0.016121 seconds
Number of updated asset objects reloaded before import = 0
Number of asset objects unloaded after import = 2
